20:25:08 **** Build of configuration gcc-release for project inet ****
make MODE=release -j4 all 
cd src && make
make[1]: Entering directory '/home/gilteun/omnetpp-5.4.1/inet-3.6.6/src'
opp_featuretool: Error: NED package 'inet.tutorials.wireless' in feature 'wirelesstutorial' was not found.
opp_featuretool: Error: NED package 'inet.tutorials.visualization' in feature 'visualizationtutorial' was not found.
opp_featuretool: Error: NED package 'inet.tutorials.configurator' in feature 'configuratortutorial' was not found.
opp_featuretool: Error: NED package 'inet.showcases.visualizer' in feature 'visualizershowcases' was not found.
opp_featuretool: Error: NED package 'inet.showcases.wireless' in feature 'wirelessshowcases' was not found.
opp_featuretool: Error: NED package 'inet.tutorials.wireless' in feature 'wirelesstutorial' was not found.
opp_featuretool: Error: NED package 'inet.tutorials.visualization' in feature 'visualizationtutorial' was not found.
opp_featuretool: Error: NED package 'inet.tutorials.configurator' in feature 'configuratortutorial' was not found.
opp_featuretool: Error: NED package 'inet.showcases.visualizer' in feature 'visualizershowcases' was not found.
opp_featuretool: Error: NED package 'inet.showcases.wireless' in feature 'wirelessshowcases' was not found.
opp_featuretool: Error: NED package 'inet.tutorials.wireless' in feature 'wirelesstutorial' was not found.
opp_featuretool: Error: NED package 'inet.tutorials.visualization' in feature 'visualizationtutorial' was not found.
opp_featuretool: Error: NED package 'inet.tutorials.configurator' in feature 'configuratortutorial' was not found.
opp_featuretool: Error: NED package 'inet.showcases.visualizer' in feature 'visualizershowcases' was not found.
opp_featuretool: Error: NED package 'inet.showcases.wireless' in feature 'wirelessshowcases' was not found.
opp_featuretool: Error: NED package 'inet.tutorials.wireless' in feature 'wirelesstutorial' was not found.
opp_featuretool: Error: NED package 'inet.tutorials.visualization' in feature 'visualizationtutorial' was not found.
opp_featuretool: Error: NED package 'inet.tutorials.configurator' in feature 'configuratortutorial' was not found.
opp_featuretool: Error: NED package 'inet.showcases.visualizer' in feature 'visualizershowcases' was not found.
opp_featuretool: Error: NED package 'inet.showcases.wireless' in feature 'wirelessshowcases' was not found.
*** COMPILING with:
g++ -c -std=c++11 -O3 -DNDEBUG=1 -MMD -MP -MF .d  -fPIC  -fno-stack-protector -DHAVE_SWAPCONTEXT -DWITH_MPI -DXMLPARSER=libxml -DPREFER_QTENV -DWITH_QTENV -DWITH_PARSIM -DWITH_NETBUILDER -Wno-overloaded-virtual -include inet/common/precompiled_release.h  -DINET_EXPORT -I. -I/home/gilteun/omnetpp-5.4.1/include
*** LINKING with:
g++ -shared -fPIC -o ../out/gcc-release/src/libINET.so -Wl,--no-as-needed -Wl,--whole-archive  -Wl,--no-whole-archive -loppenvir -loppsim -ldl -lstdc++  -Wl,-rpath,/home/gilteun/omnetpp-5.4.1/lib -Wl,-rpath,/lib -Wl,-rpath,.  -L/home/gilteun/omnetpp-5.4.1/lib
Building...
inet/applications/base/ApplicationBase.cc
inet/applications/dhcp/DHCPClient.cc
inet/applications/dhcp/DHCPServer.cc
inet/applications/ethernet/EtherAppCli.cc
inet/applications/ethernet/EtherAppSrv.cc
inet/applications/ethernet/EthernetApplication.cc
inet/applications/ethernet/EtherTrafGen.cc
inet/applications/generic/IPvXTrafGen.cc
inet/applications/generic/IPvXTrafSink.cc
inet/applications/httptools/browser/HttpBrowser.cc
inet/applications/httptools/browser/HttpBrowserBase.cc
inet/applications/httptools/browser/HttpBrowserDirect.cc
inet/applications/httptools/common/HttpNodeBase.cc
inet/applications/httptools/common/HttpRandom.cc
inet/applications/httptools/configurator/HttpController.cc
inet/applications/httptools/server/HttpServer.cc
inet/applications/httptools/server/HttpServerBase.cc
inet/applications/httptools/server/HttpServerDirect.cc
inet/applications/httptools/server/HttpServerDirectEvilA.cc
inet/applications/httptools/server/HttpServerDirectEvilB.cc
inet/applications/httptools/server/HttpServerEvilA.cc
inet/applications/httptools/server/HttpServerEvilB.cc
inet/applications/netperfmeter/NetPerfMeter.cc
inet/applications/packetdrill/lexer.cc
inet/applications/packetdrill/PacketDrill.cc
inet/applications/packetdrill/PacketDrillApp.cc
inet/applications/packetdrill/PacketDrillUtils.cc
inet/applications/packetdrill/parser.cc
inet/applications/pingapp/PingApp.cc
parser.y: In function ‘int yyparse()’:
parser.y:1385:59: warning: ignoring return value of ‘int asprintf(char**, const char*, ...)’, declared with attribute warn_unused_result [-Wunused-result]
parser.y:2407:80: warning: ignoring return value of ‘int asprintf(char**, const char*, ...)’, declared with attribute warn_unused_result [-Wunused-result]
inet/applications/rtpapp/RTPApplication.cc
inet/applications/sctpapp/SCTPClient.cc
inet/applications/sctpapp/SCTPNatPeer.cc
inet/applications/sctpapp/SCTPNatServer.cc
inet/applications/sctpapp/SCTPPeer.cc
inet/applications/sctpapp/SCTPServer.cc
inet/applications/tcpapp/TCPAppBase.cc
inet/applications/tcpapp/TCPBasicClientApp.cc
inet/applications/tcpapp/TCPEchoApp.cc
inet/applications/tcpapp/TCPGenericSrvApp.cc
inet/applications/tcpapp/TCPGenericSrvThread.cc
inet/applications/tcpapp/TCPSessionApp.cc
inet/applications/tcpapp/TCPSinkApp.cc
inet/applications/tcpapp/TCPSrvHostApp.cc
inet/applications/tcpapp/TelnetApp.cc
inet/applications/tunapp/TunLoopbackApp.cc
inet/applications/udpapp/UDPBasicApp.cc
inet/applications/udpapp/UDPBasicBurst.cc
inet/applications/udpapp/UDPEchoApp.cc
inet/applications/udpapp/UDPSink.cc
inet/applications/udpapp/UDPVideoStreamCli.cc
inet/applications/udpapp/UDPVideoStreamSvr.cc
inet/applications/voip/SimpleVoIPReceiver.cc
inet/applications/voip/SimpleVoIPSender.cc
inet/common/BitVector.cc
inet/common/ByteArray.cc
inet/common/ByteArrayBuffer.cc
inet/common/INETUtils.cc
inet/common/InitStages.cc
inet/common/int128.cc
inet/common/IntervalTree.cc
inet/common/MatchableObject.cc
inet/common/LayeredProtocolBase.cc
inet/common/ModuleAccess.cc
inet/common/NedFunctions.cc
inet/common/NetworkCommunicationFingerprintCalculator.cc
inet/common/NotifierConsts.cc
inet/common/OSGScene.cc
inet/common/OSGUtils.cc
inet/common/PatternMatcher.cc
inet/common/ProtocolMap.cc
inet/common/RawPacket.cc
inet/common/ReassemblyBuffer.cc
inet/common/ResultFilters.cc
inet/common/ResultRecorders.cc
inet/common/ShortBitVector.cc
inet/common/TLVOption.cc
inet/common/Topology.cc
inet/common/XMLUtils.cc
inet/common/figures/BarFigure.cc
inet/common/figures/CounterFigure.cc
inet/common/figures/BoxedLabelFigure.cc
inet/common/figures/cPanelFigure.cc
inet/common/figures/DelegateSignalConfigurator.cc
inet/common/figures/FigureRecorder.cc
inet/common/figures/GaugeFigure.cc
inet/common/figures/HeatMapFigure.cc
inet/common/figures/IndexedImageFigure.cc
inet/common/figures/IndicatorLabelFigure.cc
inet/common/figures/IndicatorTextFigure.cc
inet/common/figures/LabeledIconFigure.cc
inet/common/figures/LabeledLineFigure.cc
inet/common/figures/LabeledPolylineFigure.cc
inet/common/figures/LinearGaugeFigure.cc
inet/common/figures/PlotFigure.cc
inet/common/figures/ProgressMeterFigure.cc
inet/common/figures/QueueFigure.cc
inet/common/figures/SignalFigure.cc
inet/common/figures/ThermometerFigure.cc
inet/common/figures/TrailFigure.cc
inet/common/geometry/base/GeometricObjectBase.cc
inet/common/geometry/base/ShapeBase.cc
inet/common/geometry/common/CanvasProjection.cc
inet/common/geometry/common/Coord.cc
inet/common/geometry/common/CoordinateSystem.cc
inet/common/geometry/common/EulerAngles.cc
inet/common/geometry/common/Quaternion.cc
inet/common/geometry/common/Rotation.cc
inet/common/geometry/container/BVHTree.cc
inet/common/geometry/container/QuadTree.cc
inet/common/geometry/container/SpatialGrid.cc
inet/common/geometry/object/Box.cc
inet/common/geometry/object/LineSegment.cc
inet/common/geometry/object/Plane.cc
inet/common/geometry/object/Polygon.cc
inet/common/geometry/shape/Cuboid.cc
inet/common/geometry/shape/Prism.cc
inet/common/geometry/shape/Sphere.cc
inet/common/geometry/shape/polyhedron/PolyhedronEdge.cc
inet/common/geometry/shape/polyhedron/Polyhedron.cc
inet/common/geometry/shape/polyhedron/PolyhedronFace.cc
inet/common/geometry/shape/polyhedron/PolyhedronPoint.cc
inet/common/lifecycle/LifecycleController.cc
inet/common/lifecycle/NodeOperations.cc
inet/common/lifecycle/NodeStatus.cc
inet/common/lifecycle/OperationalBase.cc
inet/common/mapping/MappingBase.cc
inet/common/mapping/MappingUtils.cc
inet/common/misc/MessageChecker.cc
inet/common/misc/NetAnimTrace.cc
inet/common/misc/SignalSource.cc
inet/common/misc/ThruputMeter.cc
inet/common/misc/ThruputMeteringChannel.cc
inet/common/packet/InetPacketBytesPrinter.cc
inet/common/packet/InetPacketPrinter.cc
inet/common/packet/InetPacketPrinter2.cc
inet/common/packet/PacketDump.cc
inet/common/packet/PcapDump.cc
inet/common/packet/PcapRecorder.cc
inet/common/packet/TCPDump.cc
inet/common/queue/AbstractQueue.cc
inet/common/queue/AlgorithmicDropperBase.cc
inet/common/queue/Delayer.cc
inet/common/queue/DropTailQueue.cc
inet/common/queue/FIFOQueue.cc
inet/common/queue/Join.cc
inet/common/queue/OrdinalBasedDropper.cc
inet/common/queue/OrdinalBasedDuplicator.cc
inet/common/queue/PacketQueue.cc
inet/common/queue/PassiveQueueBase.cc
inet/common/queue/PriorityScheduler.cc
inet/common/queue/QueueBase.cc
inet/common/queue/REDDropper.cc
inet/common/queue/SchedulerBase.cc
inet/common/queue/Sink.cc
inet/common/queue/ThresholdDropper.cc
inet/common/queue/WRRScheduler.cc
inet/common/scenario/ScenarioManager.cc
inet/common/serializer/Buffer.cc
inet/common/serializer/SerializerBase.cc
inet/common/serializer/TCPIPchecksum.cc
inet/common/serializer/headerserializers/EthernetCRC.cc
inet/common/serializer/headerserializers/ethernet/EthernetSerializer.cc
inet/common/serializer/headerserializers/arp/ARPSerializer.cc
inet/common/serializer/headerserializers/ieee80211/Ieee80211PhySerializer.cc
inet/common/serializer/headerserializers/ieee80211/Ieee80211Serializer.cc
inet/common/serializer/ipv4/ICMPSerializer.cc
inet/common/serializer/ipv4/IGMPSerializer.cc
inet/common/serializer/ipv4/IPv4Serializer.cc
inet/common/serializer/ipv6/ICMPv6Serializer.cc
inet/common/serializer/ipv6/IPv6Serializer.cc
inet/common/serializer/sctp/SCTPSerializer.cc
inet/common/serializer/tcp/TCPSerializer.cc
inet/common/serializer/udp/UDPSerializer.cc
inet/environment/common/Material.cc
inet/environment/common/MaterialRegistry.cc
inet/environment/common/PhysicalEnvironment.cc
inet/environment/common/PhysicalObject.cc
inet/environment/ground/FlatGround.cc
inet/environment/objectcache/BVHObjectCache.cc
inet/environment/objectcache/GridObjectCache.cc
inet/linklayer/base/MACBase.cc
inet/linklayer/base/MACProtocolBase.cc
inet/linklayer/bmac/BMacLayer.cc
inet/linklayer/common/ExampleQoSClassifier.cc
inet/linklayer/common/MACAddress.cc
inet/linklayer/common/MACAddressType.cc
inet/linklayer/common/RandomQoSClassifier.cc
inet/linklayer/common/TxNotifDetails.cc
inet/linklayer/configurator/Ieee8021dInterfaceData.cc
inet/linklayer/configurator/L2NetworkConfigurator.cc
inet/linklayer/configurator/L2NodeConfigurator.cc
inet/linklayer/csma/CSMA.cc
inet/linklayer/csmaca/CsmaCaMac.cc
inet/linklayer/ethernet/EtherBus.cc
inet/linklayer/ethernet/EtherEncap.cc
inet/linklayer/ethernet/EtherFrame.cc
inet/linklayer/ethernet/EtherFrameClassifier.cc
inet/linklayer/ethernet/EtherHub.cc
inet/linklayer/ethernet/EtherLLC.cc
inet/linklayer/ethernet/EtherMAC.cc
inet/linklayer/ethernet/EtherMACBase.cc
inet/linklayer/ethernet/EtherMACFullDuplex.cc
inet/linklayer/ethernet/switch/MACAddressTable.cc
inet/linklayer/ethernet/switch/MACRelayUnit.cc
inet/linklayer/ideal/IdealMac.cc
inet/linklayer/ieee80211/mac/Ieee80211Mac.cc
inet/linklayer/ieee80211/mac/Rx.cc
inet/linklayer/ieee80211/mac/Tx.cc
inet/linklayer/ieee80211/mac/aggregation/BasicMsduAggregationPolicy.cc
inet/linklayer/ieee80211/mac/aggregation/MsduDeaggregation.cc
inet/linklayer/ieee80211/mac/aggregation/MsduAggregation.cc
inet/linklayer/ieee80211/mac/blockack/BlockAckRecord.cc
inet/linklayer/ieee80211/mac/blockack/OriginatorBlockAckAgreementHandler.cc
inet/linklayer/ieee80211/mac/blockack/OriginatorBlockAckAgreementPolicy.cc
inet/linklayer/ieee80211/mac/blockack/OriginatorBlockAckProcedure.cc
inet/linklayer/ieee80211/mac/blockack/RecipientBlockAckAgreement.cc
inet/linklayer/ieee80211/mac/blockack/RecipientBlockAckAgreementHandler.cc
inet/linklayer/ieee80211/mac/blockack/RecipientBlockAckAgreementPolicy.cc
inet/linklayer/ieee80211/mac/blockack/RecipientBlockAckProcedure.cc
inet/linklayer/ieee80211/mac/blockackreordering/BlockAckReordering.cc
inet/linklayer/ieee80211/mac/blockackreordering/ReceiveBuffer.cc
inet/linklayer/ieee80211/mac/channelaccess/Dcaf.cc
inet/linklayer/ieee80211/mac/channelaccess/Edca.cc
inet/linklayer/ieee80211/mac/channelaccess/Edcaf.cc
inet/linklayer/ieee80211/mac/channelaccess/Hcca.cc
inet/linklayer/ieee80211/mac/common/ModeSetListener.cc
inet/linklayer/ieee80211/mac/common/SequenceControlField.cc
inet/linklayer/ieee80211/mac/contention/Contention.cc
inet/linklayer/ieee80211/mac/contention/EdcaCollisionController.cc
inet/linklayer/ieee80211/mac/coordinationfunction/Dcf.cc
inet/linklayer/ieee80211/mac/coordinationfunction/Hcf.cc
inet/linklayer/ieee80211/mac/coordinationfunction/Mcf.cc
inet/linklayer/ieee80211/mac/coordinationfunction/Pcf.cc
inet/linklayer/ieee80211/mac/duplicateremoval/LegacyDuplicateRemoval.cc
inet/linklayer/ieee80211/mac/duplicateremoval/QosDuplicateRemoval.cc
inet/linklayer/ieee80211/mac/fragmentation/BasicFragmentationPolicy.cc
inet/linklayer/ieee80211/mac/fragmentation/BasicReassembly.cc
inet/linklayer/ieee80211/mac/fragmentation/Defragmentation.cc
inet/linklayer/ieee80211/mac/fragmentation/Fragmentation.cc
inet/linklayer/ieee80211/mac/framesequence/DcfFs.cc
inet/linklayer/ieee80211/mac/framesequence/FrameSequenceContext.cc
inet/linklayer/ieee80211/mac/framesequence/FrameSequenceHandler.cc
inet/linklayer/ieee80211/mac/framesequence/GenericFrameSequences.cc
inet/linklayer/ieee80211/mac/framesequence/HcfFs.cc
inet/linklayer/ieee80211/mac/framesequence/HtTxOpFs.cc
inet/linklayer/ieee80211/mac/framesequence/McfFs.cc
inet/linklayer/ieee80211/mac/framesequence/PcfFs.cc
inet/linklayer/ieee80211/mac/framesequence/PrimitiveFrameSequences.cc
inet/linklayer/ieee80211/mac/framesequence/TxOpFs.cc
inet/linklayer/ieee80211/mac/lifetime/DcfReceiveLifetimeHandler.cc
inet/linklayer/ieee80211/mac/lifetime/DcfTransmitLifetimeHandler.cc
inet/linklayer/ieee80211/mac/lifetime/EdcaTransmitLifetimeHandler.cc
inet/linklayer/ieee80211/mac/originator/NonQoSRecoveryProcedure.cc
inet/linklayer/ieee80211/mac/originator/AckHandler.cc
inet/linklayer/ieee80211/mac/originator/OriginatorMacDataService.cc
inet/linklayer/ieee80211/mac/originator/OriginatorAckPolicy.cc
inet/linklayer/ieee80211/mac/originator/OriginatorQoSAckPolicy.cc
inet/linklayer/ieee80211/mac/originator/OriginatorQoSMacDataService.cc
inet/linklayer/ieee80211/mac/originator/QoSAckHandler.cc
inet/linklayer/ieee80211/mac/originator/QoSRecoveryProcedure.cc
inet/linklayer/ieee80211/mac/originator/QoSRtsPolicy.cc
inet/linklayer/ieee80211/mac/originator/RtsPolicy.cc
inet/linklayer/ieee80211/mac/originator/RtsProcedure.cc
inet/linklayer/ieee80211/mac/originator/TxopProcedure.cc
inet/linklayer/ieee80211/mac/protectionmechanism/OriginatorProtectionMechanism.cc
inet/linklayer/ieee80211/mac/protectionmechanism/SingleProtectionMechanism.cc
inet/linklayer/ieee80211/mac/queue/Ieee80211Queue.cc
inet/linklayer/ieee80211/mac/queue/InProgressFrames.cc
inet/linklayer/ieee80211/mac/ratecontrol/AARFRateControl.cc
inet/linklayer/ieee80211/mac/ratecontrol/OnoeRateControl.cc
inet/linklayer/ieee80211/mac/ratecontrol/RateControlBase.cc
inet/linklayer/ieee80211/mac/rateselection/QoSRateSelection.cc
inet/linklayer/ieee80211/mac/rateselection/RateSelection.cc
inet/linklayer/ieee80211/mac/recipient/CtsPolicy.cc
inet/linklayer/ieee80211/mac/recipient/CtsProcedure.cc
inet/linklayer/ieee80211/mac/recipient/QoSCtsPolicy.cc
inet/linklayer/ieee80211/mac/recipient/RecipientAckPolicy.cc
inet/linklayer/ieee80211/mac/recipient/RecipientAckProcedure.cc
inet/linklayer/ieee80211/mac/recipient/RecipientMacDataService.cc
inet/linklayer/ieee80211/mac/recipient/RecipientQoSAckPolicy.cc
inet/linklayer/ieee80211/mac/recipient/RecipientQoSMacDataService.cc
inet/linklayer/ieee80211/mac/sequencenumberassignment/LegacySequenceNumberAssigment.cc
inet/linklayer/ieee80211/mac/sequencenumberassignment/NonQoSSequenceNumberAssignment.cc
inet/linklayer/ieee80211/mac/sequencenumberassignment/QoSSequenceNumberAssignment.cc
inet/linklayer/ieee80211/mac/statistics/BasicStatistics.cc
inet/linklayer/ieee80211/mgmt/Ieee80211AgentSTA.cc
inet/linklayer/ieee80211/mgmt/Ieee80211MgmtAP.cc
inet/linklayer/ieee80211/mgmt/Ieee80211MgmtAdhoc.cc
inet/linklayer/ieee80211/mgmt/Ieee80211MgmtAPBase.cc
inet/linklayer/ieee80211/mgmt/Ieee80211MgmtAPSimplified.cc
inet/linklayer/ieee80211/mgmt/Ieee80211MgmtBase.cc
inet/linklayer/ieee80211/mgmt/Ieee80211MgmtSTA.cc
inet/linklayer/ieee80211/mgmt/Ieee80211MgmtSTASimplified.cc
inet/linklayer/ieee8021d/common/STPBase.cc
inet/linklayer/ieee8021d/relay/Ieee8021dRelay.cc
inet/linklayer/ieee8021d/rstp/RSTP.cc
inet/linklayer/ieee8021d/stp/STP.cc
inet/linklayer/ieee8021d/tester/STPTester.cc
inet/linklayer/lmac/LMacLayer.cc
inet/linklayer/loopback/Loopback.cc
inet/linklayer/ppp/PPP.cc
inet/linklayer/tun/TunInterface.cc
inet/linklayer/xmac/XMacLayer.cc
inet/mobility/base/LinearRotatingMobilityBase.cc
inet/mobility/base/LineSegmentsMobilityBase.cc
inet/mobility/base/MobilityBase.cc
inet/mobility/base/MovingMobilityBase.cc
inet/mobility/base/RotatingMobilityBase.cc
inet/mobility/contract/IMobility.cc
inet/mobility/group/MoBANCoordinator.cc
inet/mobility/group/MoBANLocal.cc
inet/mobility/group/Posture.cc
inet/mobility/group/PostureTransition.cc
inet/mobility/single/ANSimMobility.cc
inet/mobility/single/BonnMotionFileCache.cc
inet/mobility/single/BonnMotionMobility.cc
inet/mobility/single/ChiangMobility.cc
inet/mobility/single/CircleMobility.cc
inet/mobility/single/ConstSpeedMobility.cc
inet/mobility/single/GaussMarkovMobility.cc
inet/mobility/single/LinearMobility.cc
inet/mobility/single/LinearNodeDistributionMobility.cc
inet/mobility/single/MassMobility.cc
inet/mobility/single/Ns2MotionMobility.cc
inet/mobility/single/RandomWPMobility.cc
inet/mobility/single/RectangleMobility.cc
inet/mobility/single/TractorMobility.cc
inet/mobility/single/TurtleMobility.cc
inet/mobility/single/VehicleMobility.cc
inet/mobility/static/StaticConcentricMobility.cc
inet/mobility/static/StaticGridMobility.cc
inet/mobility/static/StationaryMobility.cc
inet/networklayer/arp/generic/GenericARP.cc
inet/networklayer/arp/ipv4/ARP.cc
inet/networklayer/arp/ipv4/GlobalARP.cc
inet/networklayer/base/NetworkProtocolBase.cc
inet/networklayer/common/EchoProtocol.cc
inet/networklayer/common/InterfaceEntry.cc
inet/networklayer/common/InterfaceMatcher.cc
inet/networklayer/common/InterfaceTable.cc
inet/networklayer/common/IPSocket.cc
inet/networklayer/common/L3Address.cc
inet/networklayer/common/L3AddressResolver.cc
inet/networklayer/common/ModuleIdAddress.cc
inet/networklayer/common/ModuleIdAddressType.cc
inet/networklayer/common/ModulePathAddress.cc
inet/networklayer/common/NetfilterInfoHook.cc
inet/networklayer/common/ModulePathAddressType.cc
inet/networklayer/configurator/base/NetworkConfiguratorBase.cc
inet/networklayer/configurator/generic/GenericNetworkConfigurator.cc
inet/networklayer/configurator/ipv4/FlatNetworkConfigurator.cc
inet/networklayer/configurator/ipv4/HostAutoConfigurator.cc
inet/networklayer/configurator/ipv4/IPv4NetworkConfigurator.cc
inet/networklayer/configurator/ipv4/IPv4NodeConfigurator.cc
inet/networklayer/configurator/ipv6/FlatNetworkConfigurator6.cc
inet/networklayer/contract/IARP.cc
inet/networklayer/contract/INetworkDatagram.cc
inet/networklayer/contract/IRoute.cc
inet/networklayer/contract/ipv4/IPv4Address.cc
inet/networklayer/contract/ipv4/IPv4AddressType.cc
inet/networklayer/contract/ipv4/IPv4ControlInfo.cc
inet/networklayer/contract/ipv6/IPv6Address.cc
inet/networklayer/contract/ipv6/IPv6AddressType.cc
inet/networklayer/contract/ipv6/IPv6ControlInfo.cc
inet/networklayer/diffserv/BehaviorAggregateClassifier.cc
inet/networklayer/diffserv/DiffservUtil.cc
inet/networklayer/diffserv/DSCPMarker.cc
inet/networklayer/diffserv/MultiFieldClassifier.cc
inet/networklayer/diffserv/SingleRateThreeColorMeter.cc
inet/networklayer/diffserv/TokenBucketMeter.cc
inet/networklayer/diffserv/TwoRateThreeColorMeter.cc
inet/networklayer/flood/Flood.cc
inet/networklayer/generic/GenericNetworkProtocol.cc
inet/networklayer/generic/GenericNetworkProtocolInterfaceData.cc
inet/networklayer/generic/GenericRoute.cc
inet/networklayer/generic/GenericRoutingTable.cc
inet/networklayer/icmpv6/ICMPv6.cc
inet/networklayer/icmpv6/IPv6NeighbourCache.cc
inet/networklayer/icmpv6/IPv6NeighbourDiscovery.cc
inet/networklayer/internetcloud/CloudDelayerBase.cc
inet/networklayer/internetcloud/MatrixCloudDelayer.cc
inet/networklayer/ipv4/ErrorHandling.cc
inet/networklayer/ipv4/ICMP.cc
inet/networklayer/ipv4/IGMPv2.cc
inet/networklayer/ipv4/IGMPv3.cc
inet/networklayer/ipv4/IPv4.cc
inet/networklayer/ipv4/IPv4Datagram.cc
inet/networklayer/ipv4/IPv4FragBuf.cc
inet/networklayer/ipv4/IPv4InterfaceData.cc
inet/networklayer/ipv4/IPv4Route.cc
inet/networklayer/ipv4/IPv4RoutingTable.cc
inet/networklayer/ipv4/NetworkInfo.cc
inet/networklayer/ipv4/RoutingTableParser.cc
inet/networklayer/ipv4/RoutingTableRecorder.cc
inet/networklayer/ipv6/IPv6.cc
inet/networklayer/ipv6/IPv6Datagram.cc
inet/networklayer/ipv6/IPv6ErrorHandling.cc
inet/networklayer/ipv6/IPv6ExtensionHeaders.cc
inet/networklayer/ipv6/IPv6FragBuf.cc
inet/networklayer/ipv6/IPv6InterfaceData.cc
inet/networklayer/ipv6/IPv6Route.cc
inet/networklayer/ipv6/IPv6RoutingTable.cc
inet/networklayer/ipv6tunneling/IPv6Tunneling.cc
inet/networklayer/ldp/LDP.cc
inet/networklayer/mpls/LIBTable.cc
inet/networklayer/mpls/MPLS.cc
inet/networklayer/mpls/MPLSPacket.cc
inet/networklayer/multi/MultiNetworkLayerLowerMultiplexer.cc
inet/networklayer/multi/MultiNetworkLayerUpperMultiplexer.cc
inet/networklayer/multi/NetworkDatagramMultiplexer.cc
inet/networklayer/probabilistic/AdaptiveProbabilisticBroadcast.cc
inet/networklayer/probabilistic/ProbabilisticBroadcast.cc
inet/networklayer/rsvp_te/RSVP.cc
inet/networklayer/rsvp_te/SimpleClassifier.cc
inet/networklayer/rsvp_te/Utils.cc
inet/networklayer/ted/LinkStateRouting.cc
inet/networklayer/ted/TED.cc
inet/networklayer/wiseroute/WiseRoute.cc
inet/networklayer/xmipv6/BindingCache.cc
inet/networklayer/xmipv6/BindingUpdateList.cc
inet/networklayer/xmipv6/MobilityHeader.cc
inet/networklayer/xmipv6/xMIPv6.cc
inet/physicallayer/analogmodel/bitlevel/DimensionalSignalAnalogModel.cc
inet/physicallayer/analogmodel/bitlevel/LayeredDimensionalAnalogModel.cc
inet/physicallayer/analogmodel/bitlevel/LayeredScalarAnalogModel.cc
inet/physicallayer/analogmodel/bitlevel/ScalarSignalAnalogModel.cc
inet/physicallayer/analogmodel/bitlevel/SignalAnalogModel.cc
inet/physicallayer/analogmodel/packetlevel/DimensionalAnalogModel.cc
inet/physicallayer/analogmodel/packetlevel/DimensionalNoise.cc
inet/physicallayer/analogmodel/packetlevel/DimensionalReception.cc
inet/physicallayer/analogmodel/packetlevel/DimensionalSNIR.cc
inet/physicallayer/analogmodel/packetlevel/DimensionalTransmission.cc
inet/physicallayer/analogmodel/packetlevel/ScalarAnalogModel.cc
inet/physicallayer/analogmodel/packetlevel/ScalarNoise.cc
inet/physicallayer/analogmodel/packetlevel/ScalarReception.cc
inet/physicallayer/analogmodel/packetlevel/ScalarSNIR.cc
inet/physicallayer/analogmodel/packetlevel/ScalarTransmission.cc
inet/physicallayer/antenna/ConstantGainAntenna.cc
inet/physicallayer/antenna/CosineAntenna.cc
inet/physicallayer/antenna/DipoleAntenna.cc
inet/physicallayer/antenna/InterpolatingAntenna.cc
inet/physicallayer/antenna/IsotropicAntenna.cc
inet/physicallayer/antenna/ParabolicAntenna.cc
inet/physicallayer/apskradio/bitlevel/APSKCode.cc
inet/physicallayer/apskradio/bitlevel/APSKDecoder.cc
inet/physicallayer/apskradio/bitlevel/APSKDemodulator.cc
inet/physicallayer/apskradio/bitlevel/APSKEncoder.cc
inet/physicallayer/apskradio/bitlevel/APSKLayeredReceiver.cc
inet/physicallayer/apskradio/bitlevel/APSKLayeredTransmitter.cc
inet/physicallayer/apskradio/bitlevel/APSKModulator.cc
inet/physicallayer/apskradio/bitlevel/APSKPhyFrameSerializer.cc
inet/physicallayer/apskradio/bitlevel/errormodel/APSKLayeredErrorModel.cc
inet/physicallayer/apskradio/packetlevel/APSKDimensionalReceiver.cc
inet/physicallayer/apskradio/packetlevel/APSKDimensionalTransmitter.cc
inet/physicallayer/apskradio/packetlevel/APSKRadio.cc
inet/physicallayer/apskradio/packetlevel/APSKScalarReceiver.cc
inet/physicallayer/apskradio/packetlevel/APSKScalarTransmission.cc
inet/physicallayer/apskradio/packetlevel/APSKScalarTransmitter.cc
inet/physicallayer/apskradio/packetlevel/errormodel/APSKErrorModel.cc
inet/physicallayer/backgroundnoise/IsotropicDimensionalBackgroundNoise.cc
inet/physicallayer/backgroundnoise/IsotropicScalarBackgroundNoise.cc
inet/physicallayer/base/bitlevel/LayeredErrorModelBase.cc
inet/physicallayer/base/packetlevel/AnalogModelBase.cc
inet/physicallayer/base/packetlevel/AntennaBase.cc
inet/physicallayer/base/packetlevel/APSKModulationBase.cc
inet/physicallayer/base/packetlevel/CommunicationCacheBase.cc
inet/physicallayer/base/packetlevel/DimensionalAnalogModelBase.cc
inet/physicallayer/base/packetlevel/DimensionalTransmitterBase.cc
inet/physicallayer/base/packetlevel/DPSKModulationBase.cc
inet/physicallayer/base/packetlevel/ErrorModelBase.cc
inet/physicallayer/base/packetlevel/FlatRadioBase.cc
inet/physicallayer/base/packetlevel/FlatReceiverBase.cc
inet/physicallayer/base/packetlevel/FlatReceptionBase.cc
inet/physicallayer/base/packetlevel/FlatTransmissionBase.cc
inet/physicallayer/base/packetlevel/FlatTransmitterBase.cc
inet/physicallayer/base/packetlevel/GFSKModulationBase.cc
inet/physicallayer/base/packetlevel/ListeningBase.cc
inet/physicallayer/base/packetlevel/MQAMModulationBase.cc
inet/physicallayer/base/packetlevel/NarrowbandNoiseBase.cc
inet/physicallayer/base/packetlevel/NarrowbandRadioBase.cc
inet/physicallayer/base/packetlevel/NarrowbandReceiverBase.cc
inet/physicallayer/base/packetlevel/NarrowbandReceptionBase.cc
inet/physicallayer/base/packetlevel/NarrowbandTransmissionBase.cc
inet/physicallayer/base/packetlevel/NarrowbandTransmitterBase.cc
inet/physicallayer/base/packetlevel/NoiseBase.cc
inet/physicallayer/base/packetlevel/PathLossBase.cc
inet/physicallayer/base/packetlevel/PhysicalLayerBase.cc
inet/physicallayer/base/packetlevel/PPMModulationBase.cc
inet/physicallayer/base/packetlevel/PropagationBase.cc
inet/physicallayer/base/packetlevel/ReceiverBase.cc
inet/physicallayer/base/packetlevel/ReceptionBase.cc
inet/physicallayer/base/packetlevel/ScalarAnalogModelBase.cc
inet/physicallayer/base/packetlevel/SNIRBase.cc
inet/physicallayer/base/packetlevel/SNIRReceiverBase.cc
inet/physicallayer/base/packetlevel/TracingObstacleLossBase.cc
inet/physicallayer/base/packetlevel/TransmissionBase.cc
inet/physicallayer/base/packetlevel/TransmitterBase.cc
inet/physicallayer/common/bitlevel/AdditiveScrambler.cc
inet/physicallayer/common/bitlevel/AdditiveScramblerModule.cc
inet/physicallayer/common/bitlevel/AdditiveScrambling.cc
inet/physicallayer/common/bitlevel/AnalogDigitalConverter.cc
inet/physicallayer/common/bitlevel/ConvolutionalCode.cc
inet/physicallayer/common/bitlevel/ConvolutionalCoder.cc
inet/physicallayer/common/bitlevel/ConvolutionalCoderModule.cc
inet/physicallayer/common/bitlevel/DigitalAnalogConverter.cc
inet/physicallayer/common/bitlevel/LayeredReception.cc
inet/physicallayer/common/bitlevel/LayeredReceptionResult.cc
inet/physicallayer/common/bitlevel/LayeredTransmission.cc
inet/physicallayer/common/bitlevel/PulseFilter.cc
inet/physicallayer/common/bitlevel/PulseShaper.cc
inet/physicallayer/common/bitlevel/SignalBitModel.cc
inet/physicallayer/common/bitlevel/SignalPacketModel.cc
inet/physicallayer/common/bitlevel/SignalSampleModel.cc
inet/physicallayer/common/bitlevel/SignalSymbolModel.cc
inet/physicallayer/common/packetlevel/Arrival.cc
inet/physicallayer/common/packetlevel/BandListening.cc
inet/physicallayer/common/packetlevel/CommunicationLog.cc
inet/physicallayer/common/packetlevel/Interference.cc
inet/physicallayer/common/packetlevel/ListeningDecision.cc
inet/physicallayer/common/packetlevel/MediumLimitCache.cc
inet/physicallayer/common/packetlevel/Radio.cc
inet/physicallayer/common/packetlevel/RadioFrame.cc
inet/physicallayer/common/packetlevel/RadioMedium.cc
inet/physicallayer/common/packetlevel/ReceptionDecision.cc
inet/physicallayer/common/packetlevel/ReceptionResult.cc
inet/physicallayer/communicationcache/MapCommunicationCache.cc
inet/physicallayer/communicationcache/ReferenceCommunicationCache.cc
inet/physicallayer/communicationcache/VectorCommunicationCache.cc
inet/physicallayer/contract/packetlevel/IRadio.cc
inet/physicallayer/contract/packetlevel/IRadioMedium.cc
inet/physicallayer/contract/packetlevel/IRadioSignal.cc
inet/physicallayer/contract/packetlevel/ITracingObstacleLoss.cc
inet/physicallayer/contract/packetlevel/ITransmission.cc
inet/physicallayer/energyconsumer/StateBasedCcEnergyConsumer.cc
inet/physicallayer/energyconsumer/StateBasedEpEnergyConsumer.cc
inet/physicallayer/errormodel/bitlevel/StochasticLayeredErrorModel.cc
inet/physicallayer/errormodel/packetlevel/StochasticErrorModel.cc
inet/physicallayer/idealradio/IdealAnalogModel.cc
inet/physicallayer/idealradio/IdealListening.cc
inet/physicallayer/idealradio/IdealNoise.cc
inet/physicallayer/idealradio/IdealReceiver.cc
inet/physicallayer/idealradio/IdealReception.cc
inet/physicallayer/idealradio/IdealSNIR.cc
inet/physicallayer/idealradio/IdealTransmission.cc
inet/physicallayer/idealradio/IdealTransmitter.cc
inet/physicallayer/ieee80211/bitlevel/Ieee80211ConvolutionalCode.cc
inet/physicallayer/ieee80211/bitlevel/Ieee80211HTInterleaving.cc
inet/physicallayer/ieee80211/bitlevel/Ieee80211LayeredOFDMReceiver.cc
inet/physicallayer/ieee80211/bitlevel/Ieee80211LayeredOFDMTransmitter.cc
inet/physicallayer/ieee80211/bitlevel/Ieee80211OFDMDecoder.cc
inet/physicallayer/ieee80211/bitlevel/Ieee80211OFDMDecoderModule.cc
inet/physicallayer/ieee80211/bitlevel/Ieee80211OFDMDemodulator.cc
inet/physicallayer/ieee80211/bitlevel/Ieee80211OFDMDemodulatorModule.cc
inet/physicallayer/ieee80211/bitlevel/Ieee80211OFDMEncoder.cc
inet/physicallayer/ieee80211/bitlevel/Ieee80211OFDMEncoderModule.cc
inet/physicallayer/ieee80211/bitlevel/Ieee80211OFDMInterleaver.cc
inet/physicallayer/ieee80211/bitlevel/Ieee80211OFDMInterleaverModule.cc
inet/physicallayer/ieee80211/bitlevel/Ieee80211OFDMInterleaving.cc
inet/physicallayer/ieee80211/bitlevel/Ieee80211OFDMModulator.cc
inet/physicallayer/ieee80211/bitlevel/Ieee80211OFDMModulatorModule.cc
inet/physicallayer/ieee80211/bitlevel/Ieee80211OFDMSymbol.cc
inet/physicallayer/ieee80211/bitlevel/Ieee80211OFDMSymbolModel.cc
inet/physicallayer/ieee80211/bitlevel/errormodel/Ieee80211OFDMErrorModel.cc
inet/physicallayer/ieee80211/mode/Ieee80211Channel.cc
inet/physicallayer/ieee80211/mode/Ieee80211Band.cc
inet/physicallayer/ieee80211/mode/Ieee80211DSSSMode.cc
inet/physicallayer/ieee80211/mode/Ieee80211DSSSOFDMMode.cc
inet/physicallayer/ieee80211/mode/Ieee80211ERPOFDMMode.cc
inet/physicallayer/ieee80211/mode/Ieee80211FHSSMode.cc
inet/physicallayer/ieee80211/mode/Ieee80211HRDSSSMode.cc
inet/physicallayer/ieee80211/mode/Ieee80211HTCode.cc
inet/physicallayer/ieee80211/mode/Ieee80211HTMode.cc
inet/physicallayer/ieee80211/mode/Ieee80211IRMode.cc
inet/physicallayer/ieee80211/mode/Ieee80211ModeBase.cc
inet/physicallayer/ieee80211/mode/Ieee80211ModeSet.cc
inet/physicallayer/ieee80211/mode/Ieee80211OFDMCode.cc
inet/physicallayer/ieee80211/mode/Ieee80211OFDMMode.cc
inet/physicallayer/ieee80211/mode/Ieee80211OFDMModulation.cc
inet/physicallayer/ieee80211/packetlevel/Ieee80211ControlInfoDescr.cc
inet/physicallayer/ieee80211/packetlevel/Ieee80211DimensionalReceiver.cc
inet/physicallayer/ieee80211/packetlevel/Ieee80211DimensionalTransmission.cc
inet/physicallayer/ieee80211/packetlevel/Ieee80211DimensionalTransmitter.cc
inet/physicallayer/ieee80211/packetlevel/Ieee80211IdealReceiver.cc
inet/physicallayer/ieee80211/packetlevel/Ieee80211IdealTransmission.cc
inet/physicallayer/ieee80211/packetlevel/Ieee80211IdealTransmitter.cc
inet/physicallayer/ieee80211/packetlevel/Ieee80211Radio.cc
inet/physicallayer/ieee80211/packetlevel/Ieee80211ReceiverBase.cc
inet/physicallayer/ieee80211/packetlevel/Ieee80211ScalarReceiver.cc
inet/physicallayer/ieee80211/packetlevel/Ieee80211ScalarTransmission.cc
inet/physicallayer/ieee80211/packetlevel/Ieee80211ScalarTransmitter.cc
inet/physicallayer/ieee80211/packetlevel/Ieee80211TransmissionBase.cc
inet/physicallayer/ieee80211/packetlevel/Ieee80211TransmitterBase.cc
inet/physicallayer/ieee80211/packetlevel/errormodel/BerParseFile.cc
inet/physicallayer/ieee80211/packetlevel/errormodel/dsss-error-rate-model.cc
inet/physicallayer/ieee80211/packetlevel/errormodel/Ieee80211BerTableErrorModel.cc
inet/physicallayer/ieee80211/packetlevel/errormodel/Ieee80211ErrorModelBase.cc
inet/physicallayer/ieee80211/packetlevel/errormodel/Ieee80211NistErrorModel.cc
inet/physicallayer/ieee80211/packetlevel/errormodel/Ieee80211YansErrorModel.cc
inet/physicallayer/ieee802154/bitlevel/Ieee802154UWBIRMode.cc
inet/physicallayer/ieee802154/bitlevel/Ieee802154UWBIRReceiver.cc
inet/physicallayer/ieee802154/bitlevel/Ieee802154UWBIRTransmitter.cc
inet/physicallayer/ieee802154/packetlevel/Ieee802154NarrowbandScalarReceiver.cc
inet/physicallayer/ieee802154/packetlevel/Ieee802154NarrowbandScalarTransmitter.cc
inet/physicallayer/modulation/16PPMModulation.cc
inet/physicallayer/modulation/2GFSKModulation.cc
inet/physicallayer/modulation/4GFSKModulation.cc
inet/physicallayer/modulation/4PPMModulation.cc
inet/physicallayer/modulation/BPSKModulation.cc
inet/physicallayer/modulation/DBPSKModulation.cc
inet/physicallayer/modulation/DQPSKModulation.cc
inet/physicallayer/modulation/DSSSOQPSK16Modulation.cc
inet/physicallayer/modulation/MASKModulation.cc
inet/physicallayer/modulation/MFSKModulation.cc
inet/physicallayer/modulation/MPSKModulation.cc
inet/physicallayer/modulation/MQAMModulation.cc
inet/physicallayer/modulation/QAM16Modulation.cc
inet/physicallayer/modulation/QAM256Modulation.cc
inet/physicallayer/modulation/QAM64Modulation.cc
inet/physicallayer/modulation/QBPSKModulation.cc
inet/physicallayer/modulation/QPSKModulation.cc
inet/physicallayer/neighborcache/GridNeighborCache.cc
inet/physicallayer/neighborcache/NeighborListNeighborCache.cc
inet/physicallayer/neighborcache/QuadTreeNeighborCache.cc
inet/physicallayer/obstacleloss/DielectricObstacleLoss.cc
inet/physicallayer/obstacleloss/IdealObstacleLoss.cc
inet/physicallayer/pathloss/FreeSpacePathLoss.cc
inet/physicallayer/pathloss/BreakpointPathLoss.cc
inet/physicallayer/pathloss/LogNormalShadowing.cc
inet/physicallayer/pathloss/NakagamiFading.cc
inet/physicallayer/pathloss/RayleighFading.cc
inet/physicallayer/pathloss/RicianFading.cc
inet/physicallayer/pathloss/SUIPathLoss.cc
inet/physicallayer/pathloss/TwoRayGroundReflection.cc
inet/physicallayer/pathloss/TwoRayInterference.cc
inet/physicallayer/pathloss/UWBIRStochasticPathLoss.cc
inet/physicallayer/propagation/ConstantSpeedPropagation.cc
inet/physicallayer/propagation/ConstantTimePropagation.cc
inet/power/base/CcEnergySinkBase.cc
inet/power/base/CcEnergySourceBase.cc
inet/power/base/CcEnergyStorageBase.cc
inet/power/base/EnergySinkBase.cc
inet/power/base/EnergySourceBase.cc
inet/power/base/EnergyStorageBase.cc
inet/power/base/EpEnergySinkBase.cc
inet/power/base/EpEnergySourceBase.cc
inet/power/base/EpEnergyStorageBase.cc
inet/power/consumer/AlternatingEpEnergyConsumer.cc
inet/power/contract/ICcEnergyConsumer.cc
inet/power/contract/ICcEnergyGenerator.cc
inet/power/contract/ICcEnergySink.cc
inet/power/contract/ICcEnergySource.cc
inet/power/contract/ICcEnergyStorage.cc
inet/power/contract/IEpEnergyConsumer.cc
inet/power/contract/IEpEnergyGenerator.cc
inet/power/contract/IEpEnergySink.cc
inet/power/contract/IEpEnergySource.cc
inet/power/contract/IEpEnergyStorage.cc
inet/power/generator/AlternatingEpEnergyGenerator.cc
inet/power/management/SimpleEpEnergyManagement.cc
inet/power/storage/IdealEpEnergyStorage.cc
inet/power/storage/SimpleCcBattery.cc
inet/power/storage/SimpleEpEnergyStorage.cc
inet/routing/aodv/AODVRouteData.cc
inet/routing/aodv/AODVRouting.cc
inet/routing/bgpv4/BGPFSM.cc
inet/routing/bgpv4/BGPRouting.cc
inet/routing/bgpv4/BGPSession.cc
inet/routing/bgpv4/BGPMessage/BGPUpdate.cc
inet/routing/dymo/DYMO.cc
inet/routing/dymo/DYMORouteData.cc
inet/routing/gpsr/GPSR.cc
inet/routing/gpsr/PositionTable.cc
inet/routing/ospfv2/OSPFConfigReader.cc
inet/routing/ospfv2/OSPFRouting.cc
inet/routing/ospfv2/interface/OSPFInterface.cc
inet/routing/ospfv2/interface/OSPFInterfaceState.cc
inet/routing/ospfv2/interface/OSPFInterfaceStateBackup.cc
inet/routing/ospfv2/interface/OSPFInterfaceStateDesignatedRouter.cc
inet/routing/ospfv2/interface/OSPFInterfaceStateDown.cc
inet/routing/ospfv2/interface/OSPFInterfaceStateLoopback.cc
inet/routing/ospfv2/interface/OSPFInterfaceStateNotDesignatedRouter.cc
inet/routing/ospfv2/interface/OSPFInterfaceStatePointToPoint.cc
inet/routing/ospfv2/interface/OSPFInterfaceStateWaiting.cc
inet/routing/ospfv2/messagehandler/DatabaseDescriptionHandler.cc
inet/routing/ospfv2/messagehandler/HelloHandler.cc
inet/routing/ospfv2/messagehandler/LinkStateAcknowledgementHandler.cc
inet/routing/ospfv2/messagehandler/LinkStateRequestHandler.cc
inet/routing/ospfv2/messagehandler/LinkStateUpdateHandler.cc
inet/routing/ospfv2/messagehandler/MessageHandler.cc
inet/routing/ospfv2/neighbor/OSPFNeighbor.cc
inet/routing/ospfv2/neighbor/OSPFNeighborState.cc
inet/routing/ospfv2/neighbor/OSPFNeighborStateAttempt.cc
inet/routing/ospfv2/neighbor/OSPFNeighborStateDown.cc
inet/routing/ospfv2/neighbor/OSPFNeighborStateExchange.cc
inet/routing/ospfv2/neighbor/OSPFNeighborStateExchangeStart.cc
inet/routing/ospfv2/neighbor/OSPFNeighborStateFull.cc
inet/routing/ospfv2/neighbor/OSPFNeighborStateInit.cc
inet/routing/ospfv2/neighbor/OSPFNeighborStateLoading.cc
inet/routing/ospfv2/neighbor/OSPFNeighborStateTwoWay.cc
inet/routing/ospfv2/router/ASExternalLSA.cc
inet/routing/ospfv2/router/LSA.cc
inet/routing/ospfv2/router/NetworkLSA.cc
inet/routing/ospfv2/router/OSPFArea.cc
inet/routing/ospfv2/router/OSPFRouter.cc
inet/routing/ospfv2/router/OSPFRoutingTableEntry.cc
inet/routing/ospfv2/router/RouterLSA.cc
inet/routing/ospfv2/router/SummaryLSA.cc
inet/routing/pim/PIMPacket.cc
inet/routing/pim/PIMSplitter.cc
inet/routing/pim/modes/PIMBase.cc
inet/routing/pim/modes/PIMDM.cc
inet/routing/pim/modes/PIMSM.cc
inet/routing/pim/tables/PIMInterfaceTable.cc
inet/routing/pim/tables/PIMNeighborTable.cc
inet/routing/rip/RIPRouting.cc
inet/transportlayer/base/TransportProtocolBase.cc
inet/transportlayer/contract/sctp/SCTPSocket.cc
inet/transportlayer/contract/sctp/SCTPSocketMap.cc
inet/transportlayer/contract/tcp/TCPSocket.cc
inet/transportlayer/contract/tcp/TCPSocketMap.cc
inet/transportlayer/contract/udp/UDPSocket.cc
inet/transportlayer/rtp/reports.cc
inet/transportlayer/rtp/RTCP.cc
inet/transportlayer/rtp/RTCPPacket.cc
inet/transportlayer/rtp/RTP.cc
inet/transportlayer/rtp/RTPInnerPacket.cc
inet/transportlayer/rtp/RTPPacket.cc
inet/transportlayer/rtp/RTPParticipantInfo.cc
inet/transportlayer/rtp/RTPPayloadReceiver.cc
inet/transportlayer/rtp/RTPPayloadSender.cc
inet/transportlayer/rtp/RTPProfile.cc
inet/transportlayer/rtp/RTPReceiverInfo.cc
inet/transportlayer/rtp/RTPSenderInfo.cc
inet/transportlayer/rtp/sdes.cc
inet/transportlayer/rtp/profiles/avprofile/RTPAVProfile.cc
inet/transportlayer/rtp/profiles/avprofile/RTPAVProfilePayload32Receiver.cc
inet/transportlayer/rtp/profiles/avprofile/RTPAVProfilePayload32Sender.cc
inet/transportlayer/sctp/SCTP.cc
inet/transportlayer/sctp/SCTPAlg.cc
inet/transportlayer/sctp/SCTPAssociationBase.cc
inet/transportlayer/sctp/SCTPAssociationAddIP.cc
inet/transportlayer/sctp/SCTPAssociationEventProc.cc
inet/transportlayer/sctp/SCTPAssociationRcvMessage.cc
inet/transportlayer/sctp/SCTPAssociationSendAll.cc
inet/transportlayer/sctp/SCTPAssociationStreamReset.cc
inet/transportlayer/sctp/SCTPAssociationUtil.cc
inet/transportlayer/sctp/SCTPCCFunctions.cc
inet/transportlayer/sctp/SCTPGapList.cc
inet/transportlayer/sctp/SCTPMessage.cc
inet/transportlayer/sctp/SCTPNatHook.cc
inet/transportlayer/sctp/SCTPNatTable.cc
inet/transportlayer/sctp/SCTPQueue.cc
inet/transportlayer/sctp/SCTPReceiveStream.cc
inet/transportlayer/sctp/SCTPSendStream.cc
inet/transportlayer/sctp/SCTPSSFunctions.cc
inet/transportlayer/tcp/TCP.cc
inet/transportlayer/tcp/TCPConnectionBase.cc
inet/transportlayer/tcp/TCPConnectionEventProc.cc
inet/transportlayer/tcp/TCPConnectionRcvSegment.cc
inet/transportlayer/tcp/TCPConnectionSackUtil.cc
inet/transportlayer/tcp/TCPConnectionUtil.cc
inet/transportlayer/tcp/TCPSACKRexmitQueue.cc
inet/transportlayer/tcp/flavours/DumbTCP.cc
inet/transportlayer/tcp/flavours/TCPBaseAlg.cc
inet/transportlayer/tcp/flavours/TCPNewReno.cc
inet/transportlayer/tcp/flavours/TCPNoCongestionControl.cc
inet/transportlayer/tcp/flavours/TCPReno.cc
inet/transportlayer/tcp/flavours/TCPSegmentTransmitInfoList.cc
inet/transportlayer/tcp/flavours/TCPTahoe.cc
inet/transportlayer/tcp/flavours/TCPTahoeRenoFamily.cc
inet/transportlayer/tcp/flavours/TCPVegas.cc
inet/transportlayer/tcp/flavours/TCPWestwood.cc
inet/transportlayer/tcp/queues/TCPByteStreamRcvQueue.cc
inet/transportlayer/tcp/queues/TCPByteStreamSendQueue.cc
inet/transportlayer/tcp/queues/TCPMsgBasedRcvQueue.cc
inet/transportlayer/tcp/queues/TCPMsgBasedSendQueue.cc
inet/transportlayer/tcp/queues/TCPVirtualDataSendQueue.cc
inet/transportlayer/tcp/queues/TCPVirtualDataRcvQueue.cc
inet/transportlayer/tcp_common/TCPSegment.cc
inet/transportlayer/tcp_common/TCPSpoof.cc
inet/transportlayer/udp/UDP.cc
inet/visualizer/base/EnergyStorageVisualizerBase.cc
inet/visualizer/base/Ieee80211VisualizerBase.cc
inet/visualizer/base/InfoVisualizerBase.cc
inet/visualizer/base/InterfaceTableVisualizerBase.cc
inet/visualizer/base/LinkBreakVisualizerBase.cc
inet/visualizer/base/LinkCanvasVisualizerBase.cc
inet/visualizer/base/LinkOsgVisualizerBase.cc
inet/visualizer/base/LinkVisualizerBase.cc
inet/visualizer/base/MediumVisualizerBase.cc
inet/visualizer/base/MobilityVisualizerBase.cc
inet/visualizer/base/NetworkConnectionVisualizerBase.cc
inet/visualizer/base/PacketDropVisualizerBase.cc
inet/visualizer/base/NetworkNodeVisualizerBase.cc
inet/visualizer/base/PathCanvasVisualizerBase.cc
inet/visualizer/base/PathOsgVisualizerBase.cc
inet/visualizer/base/PathVisualizerBase.cc
inet/visualizer/base/PhysicalEnvironmentVisualizerBase.cc
inet/visualizer/base/QueueVisualizerBase.cc
inet/visualizer/base/RadioVisualizerBase.cc
inet/visualizer/base/RoutingTableVisualizerBase.cc
inet/visualizer/base/SceneOsgVisualizerBase.cc
inet/visualizer/base/SceneVisualizerBase.cc
inet/visualizer/base/StatisticVisualizerBase.cc
inet/visualizer/base/TracingObstacleLossVisualizerBase.cc
inet/visualizer/base/TransportConnectionVisualizerBase.cc
inet/visualizer/base/VisualizerBase.cc
inet/visualizer/common/InfoCanvasVisualizer.cc
inet/visualizer/common/InfoOsgVisualizer.cc
inet/visualizer/common/PacketDropCanvasVisualizer.cc
inet/visualizer/common/PacketDropOsgVisualizer.cc
inet/visualizer/common/QueueCanvasVisualizer.cc
inet/visualizer/common/QueueOsgVisualizer.cc
inet/visualizer/common/StatisticCanvasVisualizer.cc
inet/visualizer/common/StatisticOsgVisualizer.cc
inet/visualizer/environment/PhysicalEnvironmentCanvasVisualizer.cc
inet/visualizer/environment/PhysicalEnvironmentOsgVisualizer.cc
inet/visualizer/linklayer/DataLinkCanvasVisualizer.cc
inet/visualizer/linklayer/DataLinkOsgVisualizer.cc
inet/visualizer/linklayer/Ieee80211CanvasVisualizer.cc
inet/visualizer/linklayer/Ieee80211OsgVisualizer.cc
inet/visualizer/linklayer/InterfaceTableCanvasVisualizer.cc
inet/visualizer/linklayer/InterfaceTableOsgVisualizer.cc
inet/visualizer/linklayer/LinkBreakCanvasVisualizer.cc
inet/visualizer/linklayer/LinkBreakOsgVisualizer.cc
inet/visualizer/mobility/MobilityCanvasVisualizer.cc
inet/visualizer/mobility/MobilityOsgVisualizer.cc
inet/visualizer/networklayer/NetworkRouteCanvasVisualizer.cc
inet/visualizer/networklayer/NetworkRouteOsgVisualizer.cc
inet/visualizer/networklayer/RoutingTableCanvasVisualizer.cc
inet/visualizer/networklayer/RoutingTableOsgVisualizer.cc
inet/visualizer/physicallayer/MediumCanvasVisualizer.cc
inet/visualizer/physicallayer/MediumOsgVisualizer.cc
inet/visualizer/physicallayer/PhysicalLinkCanvasVisualizer.cc
inet/visualizer/physicallayer/PhysicalLinkOsgVisualizer.cc
inet/visualizer/physicallayer/RadioCanvasVisualizer.cc
inet/visualizer/physicallayer/RadioOsgVisualizer.cc
inet/visualizer/physicallayer/TracingObstacleLossCanvasVisualizer.cc
inet/visualizer/physicallayer/TracingObstacleLossOsgVisualizer.cc
inet/visualizer/power/EnergyStorageCanvasVisualizer.cc
inet/visualizer/power/EnergyStorageOsgVisualizer.cc
inet/visualizer/scene/NetworkConnectionCanvasVisualizer.cc
inet/visualizer/scene/NetworkConnectionOsgVisualizer.cc
inet/visualizer/scene/NetworkNodeCanvasVisualization.cc
inet/visualizer/scene/NetworkNodeCanvasVisualizer.cc
inet/visualizer/scene/NetworkNodeOsgVisualization.cc
inet/visualizer/scene/NetworkNodeOsgVisualizer.cc
inet/visualizer/scene/SceneCanvasVisualizer.cc
inet/visualizer/scene/SceneOsgEarthVisualizer.cc
inet/visualizer/scene/SceneOsgVisualizer.cc
inet/visualizer/transportlayer/TransportConnectionCanvasVisualizer.cc
inet/visualizer/transportlayer/TransportConnectionOsgVisualizer.cc
inet/visualizer/transportlayer/TransportRouteCanvasVisualizer.cc
inet/visualizer/transportlayer/TransportRouteOsgVisualizer.cc
inet/visualizer/util/AnimationPosition.cc
inet/visualizer/util/AnimationSpeedInterpolator.cc
inet/visualizer/util/ColorSet.cc
inet/visualizer/util/InterfaceFilter.cc
inet/visualizer/util/LineManager.cc
inet/visualizer/util/ModuleFilter.cc
inet/visualizer/util/NetworkNodeFilter.cc
inet/visualizer/util/PacketFilter.cc
inet/visualizer/util/Placement.cc
inet/visualizer/util/PortFilter.cc
inet/visualizer/util/QueueFilter.cc
inet/visualizer/util/StringFormat.cc
inet/applications/dhcp/DHCPMessage_m.cc
inet/applications/ethernet/EtherApp_m.cc
inet/applications/netperfmeter/NetPerfMeter_m.cc
inet/applications/pingapp/PingPayload_m.cc
inet/applications/tcpapp/GenericAppMsg_m.cc
inet/common/ByteArray_m.cc
inet/common/RawPacket_m.cc
inet/common/TLVOption_m.cc
inet/common/queue/PacketQueue_m.cc
inet/environment/common/Material_m.cc
inet/environment/common/PhysicalObject_m.cc
inet/linklayer/base/MACFrameBase_m.cc
inet/linklayer/bmac/BMacFrame_m.cc
inet/linklayer/common/Ieee802Ctrl_m.cc
inet/linklayer/common/SimpleLinkLayerControlInfo_m.cc
inet/linklayer/csma/CSMAFrame_m.cc
inet/linklayer/csmaca/CsmaCaMacFrame_m.cc
inet/linklayer/ethernet/EtherFrame_m.cc
inet/linklayer/ideal/IdealMacFrame_m.cc
inet/linklayer/ieee80211/mac/Ieee80211Frame_m.cc
inet/linklayer/ieee80211/mgmt/Ieee80211MgmtFrames_m.cc
inet/linklayer/ieee80211/mgmt/Ieee80211Primitives_m.cc
inet/linklayer/ieee8021d/common/Ieee8021dBPDU_m.cc
inet/linklayer/lmac/LMacFrame_m.cc
inet/linklayer/ppp/PPPFrame_m.cc
inet/linklayer/xmac/XMacFrame_m.cc
inet/networklayer/arp/ipv4/ARPPacket_m.cc
inet/networklayer/common/EchoPacket_m.cc
inet/networklayer/base/NetworkDatagramBase_m.cc
inet/networklayer/common/InterfaceEntry_m.cc
inet/networklayer/common/IPProtocolId_m.cc
inet/networklayer/common/SimpleNetworkProtocolControlInfo_m.cc
inet/networklayer/contract/generic/GenericNetworkProtocolControlInfo_m.cc
inet/networklayer/contract/ipv4/IPv4ControlInfo_m.cc
inet/networklayer/contract/ipv6/IPv6ControlInfo_m.cc
inet/networklayer/diffserv/DSCP_m.cc
inet/networklayer/flood/FloodDatagram_m.cc
inet/networklayer/generic/GenericDatagram_m.cc
inet/networklayer/icmpv6/ICMPv6Message_m.cc
inet/networklayer/icmpv6/IPv6NDMessage_m.cc
inet/networklayer/ipv4/ICMPMessage_m.cc
inet/networklayer/ipv4/IGMPMessage_m.cc
inet/networklayer/ipv4/IPv4Datagram_m.cc
inet/networklayer/ipv4/IPv4Route_m.cc
inet/networklayer/ipv6/IPv6Datagram_m.cc
inet/networklayer/ipv6/IPv6ExtensionHeaders_m.cc
inet/networklayer/ldp/LDPPacket_m.cc
inet/networklayer/probabilistic/ProbabilisticBroadcastDatagram_m.cc
inet/networklayer/rsvp_te/IntServ_m.cc
inet/networklayer/rsvp_te/RSVPHello_m.cc
inet/networklayer/rsvp_te/RSVPPacket_m.cc
inet/networklayer/rsvp_te/RSVPPathMsg_m.cc
inet/networklayer/rsvp_te/RSVPResvMsg_m.cc
inet/networklayer/rsvp_te/SignallingMsg_m.cc
inet/networklayer/ted/LinkStatePacket_m.cc
inet/networklayer/ted/TED_m.cc
inet/networklayer/wiseroute/WiseRouteDatagram_m.cc
inet/networklayer/xmipv6/MobilityHeader_m.cc
inet/physicallayer/analogmodel/packetlevel/ScalarTransmission_m.cc
inet/physicallayer/base/packetlevel/FlatTransmissionBase_m.cc
inet/physicallayer/base/packetlevel/NarrowbandTransmissionBase_m.cc
inet/physicallayer/base/packetlevel/TransmissionBase_m.cc
inet/physicallayer/contract/packetlevel/RadioControlInfo_m.cc
inet/physicallayer/idealradio/IdealTransmission_m.cc
inet/physicallayer/ieee80211/packetlevel/Ieee80211ControlInfo_m.cc
inet/routing/aodv/AODVControlPackets_m.cc
inet/routing/bgpv4/BGPMessage/BGPOpen_m.cc
inet/routing/bgpv4/BGPMessage/BGPUpdate_m.cc
inet/routing/bgpv4/BGPMessage/BGPUpdatePathAttributes_m.cc
inet/routing/dymo/DYMO_m.cc
inet/routing/gpsr/GPSR_m.cc
inet/routing/ospfv2/OSPFPacket_m.cc
inet/routing/pim/PIMPacket_m.cc
inet/routing/rip/RIPPacket_m.cc
inet/transportlayer/contract/sctp/SCTPCommand_m.cc
inet/transportlayer/contract/tcp/TCPCommand_m.cc
inet/transportlayer/contract/udp/UDPControlInfo_m.cc
inet/transportlayer/rtp/RTCPPacket1_m.cc
inet/transportlayer/rtp/RTCPPacket2_m.cc
inet/transportlayer/rtp/RTCPPacket3_m.cc
inet/transportlayer/rtp/RTPInnerPacket_m.cc
inet/transportlayer/rtp/RTPInterfacePacket_m.cc
inet/transportlayer/rtp/RTPPacket_m.cc
inet/transportlayer/rtp/RTPParticipantInfo_m.cc
inet/transportlayer/rtp/RTPSenderControlMessage_m.cc
inet/transportlayer/rtp/RTPSenderStatusMessage_m.cc
inet/transportlayer/sctp/SCTPMessage_m.cc
inet/transportlayer/tcp/TCPConnection_m.cc
inet/transportlayer/tcp_common/TCPSegment_m.cc
inet/transportlayer/udp/UDPPacket_m.cc
Creating shared library: ../out/gcc-release/src/libINET.so
make[1]: Leaving directory '/home/gilteun/omnetpp-5.4.1/inet-3.6.6/src'

20:31:19 Build Finished (took 6m:10s.831ms)

