20:31:26 **** Incremental Build of configuration gcc-release for project lte ****
make MODE=release all 
make[1]: Entering directory '/home/gilteun/omnetpp-5.4.1/simulte-1.1.0/src'
apps/alert/AlertReceiver.cc
apps/alert/AlertSender.cc
apps/burst/BurstReceiver.cc
apps/burst/BurstSender.cc
apps/cbr/CbrReceiver.cc
apps/cbr/CbrSender.cc
apps/d2dMultihop/MultihopD2D.cc
apps/d2dMultihop/eventGenerator/EventGenerator.cc
apps/d2dMultihop/statistics/MultihopD2DStatistics.cc
apps/vod/VoDUDPClient.cc
apps/vod/VoDUDPClient.cc: In member function ‘virtual void VoDUDPClient::initialize(int)’:
apps/vod/VoDUDPClient.cc:29:33: warning: ignoring return value of ‘int chdir(const char*)’, declared with attribute warn_unused_result [-Wunused-result]
     chdir("../../../VoDProject");
                                 ^
apps/vod/VoDUDPClient.cc:30:24: warning: ignoring return value of ‘int system(const char*)’, declared with attribute warn_unused_result [-Wunused-result]
     system(dir.c_str());
                        ^
apps/vod/VoDUDPClient.cc:31:26: warning: ignoring return value of ‘int system(const char*)’, declared with attribute warn_unused_result [-Wunused-result]
     system(trace.c_str());
                          ^
apps/vod/VoDUDPClient.cc:42:57: warning: ignoring return value of ‘int chdir(const char*)’, declared with attribute warn_unused_result [-Wunused-result]
     chdir("../workspace/lte/simulations/dynamicnetwork");
                                                         ^
apps/vod/VoDUDPClient.cc: In member function ‘virtual void VoDUDPClient::finish()’:
apps/vod/VoDUDPClient.cc:57:33: warning: ignoring return value of ‘int chdir(const char*)’, declared with attribute warn_unused_result [-Wunused-result]
     chdir("../../../VoDProject");
                                 ^
apps/vod/VoDUDPClient.cc:114:32: warning: ignoring return value of ‘int system(const char*)’, declared with attribute warn_unused_result [-Wunused-result]
             system(par.c_str());
                                ^
apps/vod/VoDUDPClient.cc:117:57: warning: ignoring return value of ‘int chdir(const char*)’, declared with attribute warn_unused_result [-Wunused-result]
     chdir("../workspace/lte/simulations/dynamicnetwork");
                                                         ^
apps/vod/VoDUDPServer.cc
apps/voip/VoIPReceiver.cc
apps/voip/VoIPSender.cc
common/LteCommon.cc
common/LteControlInfo.cc
common/timer/TTimer.cc
corenetwork/binder/LteBinder.cc
corenetwork/binder/PhyPisaData.cc
corenetwork/lteCellInfo/LteCellInfo.cc
corenetwork/lteip/InternetQueue.cc
corenetwork/lteip/IP2lte.cc
corenetwork/lteip/LteIp.cc
corenetwork/nodes/ExtCell.cc
corenetwork/nodes/InternetMux.cc
corenetwork/nodes/UnUuMux.cc
epc/gtp_common.cc
epc/TrafficFlowFilter.cc
epc/TrafficFlowFilterSimplified.cc
epc/gtp/GtpUser.cc
epc/gtp/GtpUserSimplified.cc
epc/gtp/GtpUserX2.cc
epc/gtp/TftControlInfo.cc
stack/compManager/LteCompManagerBase.cc
stack/compManager/compManagerProportional/LteCompManagerProportional.cc
stack/d2dModeSelection/D2DModeSelectionBase.cc
stack/d2dModeSelection/d2dModeSelectionBestCqi/D2DModeSelectionBestCqi.cc
stack/handoverManager/LteHandoverManager.cc
stack/mac/allocator/LteAllocationModule.cc
stack/mac/allocator/LteAllocationModuleFrequencyReuse.cc
stack/mac/amc/AmcPilotAuto.cc
stack/mac/amc/AmcPilotD2D.cc
stack/mac/amc/LteAmc.cc
stack/mac/amc/LteMcs.cc
stack/mac/buffer/LteMacBuffer.cc
stack/mac/buffer/LteMacQueue.cc
stack/mac/buffer/harq/LteHarqBufferRx.cc
stack/mac/buffer/harq/LteHarqBufferTx.cc
stack/mac/buffer/harq/LteHarqProcessRx.cc
stack/mac/buffer/harq/LteHarqProcessTx.cc
stack/mac/buffer/harq/LteHarqUnitTx.cc
stack/mac/buffer/harq_d2d/LteHarqBufferMirrorD2D.cc
stack/mac/buffer/harq_d2d/LteHarqBufferRxD2D.cc
stack/mac/buffer/harq_d2d/LteHarqBufferTxD2D.cc
stack/mac/buffer/harq_d2d/LteHarqProcessMirrorD2D.cc
stack/mac/buffer/harq_d2d/LteHarqProcessRxD2D.cc
stack/mac/buffer/harq_d2d/LteHarqProcessTxD2D.cc
stack/mac/buffer/harq_d2d/LteHarqUnitTxD2D.cc
stack/mac/conflict_graph/ConflictGraph.cc
stack/mac/conflict_graph/DistanceBasedConflictGraph.cc
stack/mac/layer/LteMacBase.cc
stack/mac/layer/LteMacEnb.cc
stack/mac/layer/LteMacEnbD2D.cc
stack/mac/layer/LteMacRelayEnb.cc
stack/mac/layer/LteMacRelayUe.cc
stack/mac/layer/LteMacUe.cc
stack/mac/layer/LteMacUeD2D.cc
stack/mac/scheduler/LcgScheduler.cc
stack/mac/scheduler/LteScheduler.cc
stack/mac/scheduler/LteSchedulerEnb.cc
stack/mac/scheduler/LteSchedulerEnbDl.cc
stack/mac/scheduler/LteSchedulerEnbUl.cc
stack/mac/scheduler/LteSchedulerUeUl.cc
stack/mac/scheduling_modules/LteAllocatorBestFit.cc
stack/mac/scheduling_modules/LteDrr.cc
stack/mac/scheduling_modules/LteMaxCi.cc
stack/mac/scheduling_modules/LteMaxCiComp.cc
stack/mac/scheduling_modules/LteMaxCiMultiband.cc
stack/mac/scheduling_modules/LteMaxCiOptMB.cc
stack/mac/scheduling_modules/LteMaxCiOptMB.cc: In member function ‘void LteMaxCiOptMB::launchProblem()’:
stack/mac/scheduling_modules/LteMaxCiOptMB.cc:558:30: warning: ignoring return value of ‘int system(const char*)’, declared with attribute warn_unused_result [-Wunused-result]
     system(cmd.str().c_str());
                              ^
stack/mac/scheduling_modules/LtePf.cc
stack/pdcp_rrc/ConnectionsTable.cc
stack/pdcp_rrc/layer/LtePdcpRrc.cc
stack/pdcp_rrc/layer/LtePdcpRrcEnbD2D.cc
stack/pdcp_rrc/layer/LtePdcpRrcUeD2D.cc
stack/pdcp_rrc/layer/entity/LtePdcpEntity.cc
stack/phy/ChannelModel/LteDummyChannelModel.cc
stack/phy/ChannelModel/LteRealisticChannelModel.cc
stack/phy/das/DasFilter.cc
stack/phy/das/RemoteAntennaSet.cc
stack/phy/feedback/LteDlFeedbackGenerator.cc
stack/phy/feedback/LteFeedback.cc
stack/phy/feedback/LteFeedbackComputation.cc
stack/phy/feedback/LteFeedbackComputationRealistic.cc
stack/phy/feedback/testFeedback/FeedbackTester.cc
stack/phy/layer/LtePhyBase.cc
stack/phy/layer/LtePhyEnb.cc
stack/phy/layer/LtePhyEnbD2D.cc
stack/phy/layer/LtePhyRelay.cc
stack/phy/layer/LtePhyUe.cc
stack/phy/layer/LtePhyUeD2D.cc
stack/phy/packet/LteAirFrame.cc
stack/phy/packet/LteFeedbackPkt.cc
stack/rlc/LteRlcMux.cc
stack/rlc/am/LteRlcAm.cc
stack/rlc/am/buffer/AmRxQueue.cc
stack/rlc/am/buffer/AmTxQueue.cc
stack/rlc/am/packet/LteRlcAmPdu.cc
stack/rlc/packet/LteRlcDataPdu.cc
stack/rlc/tm/LteRlcTm.cc
stack/rlc/um/LteRlcUm.cc
stack/rlc/um/LteRlcUmD2D.cc
stack/rlc/um/entity/UmRxEntity.cc
stack/rlc/um/entity/UmTxEntity.cc
world/radio/ChannelAccess.cc
world/radio/ChannelControl.cc
world/radio/LteChannelControl.cc
x2/LteX2Manager.cc
x2/X2AppClient.cc
x2/X2AppServer.cc
apps/alert/AlertPacket_m.cc
apps/burst/BurstPacket_m.cc
apps/cbr/CbrPacket_m.cc
apps/d2dMultihop/MultihopD2DPacket_m.cc
apps/d2dMultihop/TrickleTimerMsg_m.cc
apps/vod/M1Message_m.cc
apps/vod/VoDPacket_m.cc
apps/voip/VoipPacket_m.cc
common/LteControlInfo_m.cc
common/timer/TMultiTimerMsg_m.cc
common/timer/TTimerMsg_m.cc
epc/gtp/GtpUserMsg_m.cc
stack/d2dModeSelection/D2DModeSwitchNotification_m.cc
stack/mac/packet/LteHarqFeedback_m.cc
stack/mac/packet/LteMacPdu_m.cc
stack/mac/packet/LteMacSduRequest_m.cc
stack/mac/packet/LteRac_m.cc
stack/mac/packet/LteSchedulingGrant_m.cc
stack/pdcp_rrc/packet/LtePdcpPdu_m.cc
stack/phy/packet/AirFrame_m.cc
stack/phy/packet/LteAirFrame_m.cc
stack/phy/packet/LteFeedbackPkt_m.cc
stack/rlc/am/packet/LteRlcAmPdu_m.cc
stack/rlc/am/packet/LteRlcAmSdu_m.cc
stack/rlc/packet/LteRlcDataPdu_m.cc
stack/rlc/packet/LteRlcPdu_m.cc
stack/rlc/packet/LteRlcSdu_m.cc
x2/packet/LteX2Message_m.cc
x2/packet/X2ControlInfo_m.cc
Creating shared library: ../out/gcc-release/src/liblte.so
make[1]: Leaving directory '/home/gilteun/omnetpp-5.4.1/simulte-1.1.0/src'

20:35:15 Build Finished (took 3m:49s.255ms)

